{
  "stats": {
    "suites": 1,
    "tests": 4,
    "passes": 4,
    "pending": 0,
    "failures": 0,
    "start": "2019-10-18T07:20:22.404Z",
    "end": "2019-10-18T07:20:43.222Z",
    "duration": 20818,
    "testsRegistered": 4,
    "passPercent": 100,
    "pendingPercent": 0,
    "other": 0,
    "hasOther": false,
    "skipped": 0,
    "hasSkipped": false,
    "passPercentClass": "success",
    "pendingPercentClass": "danger"
  },
  "suites": {
    "uuid": "7a979606-0105-4dc6-a134-4c2fb0f3590d",
    "title": "",
    "fullFile": "",
    "file": "",
    "beforeHooks": [],
    "afterHooks": [],
    "tests": [],
    "suites": [
      {
        "uuid": "98600d09-12cc-4ed6-9257-619a8427454d",
        "title": "Uber Signup",
        "fullFile": "",
        "file": "",
        "beforeHooks": [],
        "afterHooks": [],
        "tests": [
          {
            "title": "Verify that signup button appears on main page and user is able to click it",
            "fullTitle": "Uber Signup Verify that signup button appears on main page and user is able to click it",
            "duration": 10610,
            "state": "passed",
            "speed": "slow",
            "pass": true,
            "fail": false,
            "pending": false,
            "code": "cy.get('button[aria-label=\"Sign up\"]').should('be.visible')\n  cy.get('button[aria-label=\"Sign up\"]').should('have.text', \"Sign up\").click()\n  cy.get('a[aria-label=\"Sign up to ride\"]').should('be.visible')",
            "err": {},
            "isRoot": false,
            "uuid": "6e82112c-512d-434a-b6e2-b1ee91d7049e",
            "isHook": false,
            "skipped": false
          },
          {
            "title": "Verify that user is able to sigup as rider",
            "fullTitle": "Uber Signup Verify that user is able to sigup as rider",
            "duration": 9413,
            "state": "passed",
            "speed": "slow",
            "pass": true,
            "fail": false,
            "pending": false,
            "code": "cy.get('a[aria-label=\"Sign up to ride\"]').click()\ncy.get('div').contains('Sign Up to Ride').should('have.text', 'Sign Up to Ride')",
            "err": {},
            "isRoot": false,
            "uuid": "e4e46e61-d25f-4943-a202-220d0799e0c6",
            "isHook": false,
            "skipped": false
          },
          {
            "title": "Verify that First Name field is visible and user is able to write first name",
            "fullTitle": "Uber Signup Verify that First Name field is visible and user is able to write first name",
            "duration": 432,
            "state": "passed",
            "speed": "slow",
            "pass": true,
            "fail": false,
            "pending": false,
            "code": "cy.get('#firstName').should('be.visible')\ncy.get('#firstName').type(\"Stakater\")",
            "err": {},
            "isRoot": false,
            "uuid": "afac93ae-1260-4fe1-9d68-43700579abf2",
            "isHook": false,
            "skipped": false
          },
          {
            "title": "Verify that Last Name field is visible and user is able to write last name",
            "fullTitle": "Uber Signup Verify that Last Name field is visible and user is able to write last name",
            "duration": 274,
            "state": "passed",
            "speed": "slow",
            "pass": true,
            "fail": false,
            "pending": false,
            "code": "cy.get('#lastName').should('be.visible')\ncy.get('#lastName').type(\"User\")",
            "err": {},
            "isRoot": false,
            "uuid": "8c9af68d-e696-4d9c-b6d7-942e57812af3",
            "isHook": false,
            "skipped": false
          }
        ],
        "suites": [],
        "passes": [
          "6e82112c-512d-434a-b6e2-b1ee91d7049e",
          "e4e46e61-d25f-4943-a202-220d0799e0c6",
          "afac93ae-1260-4fe1-9d68-43700579abf2",
          "8c9af68d-e696-4d9c-b6d7-942e57812af3"
        ],
        "failures": [],
        "pending": [],
        "skipped": [],
        "duration": 20729,
        "root": false,
        "rootEmpty": false,
        "_timeout": 2000
      }
    ],
    "passes": [],
    "failures": [],
    "pending": [],
    "skipped": [],
    "duration": 0,
    "root": true,
    "rootEmpty": true,
    "_timeout": 2000
  },
  "copyrightYear": 2019
}